This file contains any messages produced by compilers while
running configure, to aid debugging if configure makes a mistake.

It was created by fuse configure 2.8.4, which was
generated by GNU Autoconf 2.59.  Invocation command line was

  $ /tmp/dist/libfuse/src/configure --prefix=/usr/local --enable-sqlite3-builtin --cache-file=/dev/null --srcdir=. LDFLAGS= -rdynamic CFLAGS= -fno-strict-aliasing -fasynchronous-unwind-tables -fno-omit-frame-pointer -fno-optimize-sibling-calls --enable-lib --disable-util --disable-example

## --------- ##
## Platform. ##
## --------- ##

hostname = localhost.localdomain
uname -m = x86_64
uname -r = 2.6.18-194.3.1.el5
uname -s = Linux
uname -v = #1 SMP Fri May 7 01:43:09 EDT 2010

/usr/bin/uname -p = unknown
/bin/uname -X     = unknown

/bin/arch              = x86_64
/usr/bin/arch -k       = unknown
/usr/convex/getsysinfo = unknown
hostinfo               = unknown
/bin/machine           = unknown
/usr/bin/oslevel       = unknown
/bin/universe          = unknown

PATH: /usr/local/clang/bin
PATH: /usr/kerberos/sbin
PATH: /usr/kerberos/bin
PATH: /usr/local/sbin
PATH: /usr/local/bin
PATH: /sbin
PATH: /bin
PATH: /usr/sbin
PATH: /usr/bin
PATH: /root/bin


## ----------- ##
## Core tests. ##
## ----------- ##

configure:1529: checking build system type
configure:1547: result: x86_64-unknown-linux-gnu
configure:1555: checking host system type
configure:1569: result: x86_64-unknown-linux-gnu
configure:1577: checking target system type
configure:1591: result: x86_64-unknown-linux-gnu
configure:1619: checking for a BSD-compatible install
configure:1674: result: /usr/bin/install -c
configure:1685: checking whether build environment is sane
configure:1728: result: yes
configure:1793: checking for gawk
configure:1809: found /bin/gawk
configure:1819: result: gawk
configure:1829: checking whether make sets $(MAKE)
configure:1849: result: yes
configure:2057: checking for style of include used by make
configure:2085: result: GNU
configure:2156: checking for gcc
configure:2172: found /usr/bin/gcc
configure:2182: result: gcc
configure:2426: checking for C compiler version
configure:2429: gcc --version </dev/null >&5
gcc (GCC) 4.1.2 20080704 (Red Hat 4.1.2-46)
Copyright (C) 2006 Free Software Foundation, Inc.
This is free software; see the source for copying conditions.  There is NO
warranty; not even for MERCHANTABILITY or FITNESS FOR A PARTICULAR PURPOSE.

configure:2432: $? = 0
configure:2434: gcc -v </dev/null >&5
Using built-in specs.
Target: x86_64-redhat-linux
Configured with: ../configure --prefix=/usr --mandir=/usr/share/man --infodir=/usr/share/info --enable-shared --enable-threads=posix --enable-checking=release --with-system-zlib --enable-__cxa_atexit --disable-libunwind-exceptions --enable-libgcj-multifile --enable-languages=c,c++,objc,obj-c++,java,fortran,ada --enable-java-awt=gtk --disable-dssi --enable-plugin --with-java-home=/usr/lib/jvm/java-1.4.2-gcj-1.4.2.0/jre --with-cpu=generic --host=x86_64-redhat-linux
Thread model: posix
gcc version 4.1.2 20080704 (Red Hat 4.1.2-46)
configure:2437: $? = 0
configure:2439: gcc -V </dev/null >&5
gcc: '-V' option must have argument
configure:2442: $? = 1
configure:2465: checking for C compiler default output file name
configure:2468: gcc  -fno-strict-aliasing -fasynchronous-unwind-tables -fno-omit-frame-pointer -fno-optimize-sibling-calls   -rdynamic conftest.c  >&5
configure:2471: $? = 0
configure:2517: result: a.out
configure:2522: checking whether the C compiler works
configure:2528: ./a.out
configure:2531: $? = 0
configure:2548: result: yes
configure:2555: checking whether we are cross compiling
configure:2557: result: no
configure:2560: checking for suffix of executables
configure:2562: gcc -o conftest  -fno-strict-aliasing -fasynchronous-unwind-tables -fno-omit-frame-pointer -fno-optimize-sibling-calls   -rdynamic conftest.c  >&5
configure:2565: $? = 0
configure:2590: result: 
configure:2596: checking for suffix of object files
configure:2617: gcc -c  -fno-strict-aliasing -fasynchronous-unwind-tables -fno-omit-frame-pointer -fno-optimize-sibling-calls  conftest.c >&5
configure:2620: $? = 0
configure:2642: result: o
configure:2646: checking whether we are using the GNU C compiler
configure:2670: gcc -c  -fno-strict-aliasing -fasynchronous-unwind-tables -fno-omit-frame-pointer -fno-optimize-sibling-calls  conftest.c >&5
configure:2676: $? = 0
configure:2680: test -z 
			 || test ! -s conftest.err
configure:2683: $? = 0
configure:2686: test -s conftest.o
configure:2689: $? = 0
configure:2702: result: yes
configure:2708: checking whether gcc accepts -g
configure:2729: gcc -c -g  conftest.c >&5
configure:2735: $? = 0
configure:2739: test -z 
			 || test ! -s conftest.err
configure:2742: $? = 0
configure:2745: test -s conftest.o
configure:2748: $? = 0
configure:2759: result: yes
configure:2776: checking for gcc option to accept ANSI C
configure:2846: gcc  -c  -fno-strict-aliasing -fasynchronous-unwind-tables -fno-omit-frame-pointer -fno-optimize-sibling-calls  conftest.c >&5
configure:2852: $? = 0
configure:2856: test -z 
			 || test ! -s conftest.err
configure:2859: $? = 0
configure:2862: test -s conftest.o
configure:2865: $? = 0
configure:2883: result: none needed
configure:2901: gcc -c  -fno-strict-aliasing -fasynchronous-unwind-tables -fno-omit-frame-pointer -fno-optimize-sibling-calls  conftest.c >&5
conftest.c:2: error: expected '=', ',', ';', 'asm' or '__attribute__' before 'me'
configure:2907: $? = 1
configure: failed program was:
| #ifndef __cplusplus
|   choke me
| #endif
configure:3042: checking dependency style of gcc
configure:3132: result: gcc3
configure:3149: checking for a sed that does not truncate output
configure:3205: result: /bin/sed
configure:3221: checking for egrep
configure:3231: result: grep -E
configure:3236: checking for fgrep
configure:3246: result: grep -F
configure:3281: checking for ld used by gcc
configure:3348: result: /usr/bin/ld
configure:3357: checking if the linker (/usr/bin/ld) is GNU ld
configure:3372: result: yes
configure:3384: checking for BSD- or MS-compatible name lister (nm)
configure:3433: result: /usr/bin/nm -B
configure:3538: checking the name lister (/usr/bin/nm -B) interface
configure:3545: gcc -c  -fno-strict-aliasing -fasynchronous-unwind-tables -fno-omit-frame-pointer -fno-optimize-sibling-calls  conftest.c >&5
configure:3548: /usr/bin/nm -B "conftest.o"
configure:3551: output
0000000000000000 B some_variable
configure:3558: result: BSD nm
configure:3561: checking whether ln -s works
configure:3565: result: yes
configure:3573: checking the maximum length of command line arguments
configure:3693: result: 98304
configure:3710: checking whether the shell understands some XSI constructs
configure:3720: result: yes
configure:3724: checking whether the shell understands "+="
configure:3730: result: yes
configure:3765: checking for /usr/bin/ld option to reload object files
configure:3772: result: -r
configure:3839: checking for objdump
configure:3855: found /usr/bin/objdump
configure:3866: result: objdump
configure:3888: checking how to recognize dependent libraries
configure:4084: result: pass_all
configure:4142: checking for ar
configure:4158: found /usr/bin/ar
configure:4169: result: ar
configure:4235: checking for strip
configure:4251: found /usr/bin/strip
configure:4262: result: strip
configure:4322: checking for ranlib
configure:4338: found /usr/bin/ranlib
configure:4349: result: ranlib
configure:4429: checking command to parse /usr/bin/nm -B output from gcc object
configure:4547: gcc -c  -fno-strict-aliasing -fasynchronous-unwind-tables -fno-omit-frame-pointer -fno-optimize-sibling-calls  conftest.c >&5
configure:4550: $? = 0
configure:4554: /usr/bin/nm -B conftest.o \| sed -n -e 's/^.*[	 ]\([ABCDGIRSTW][ABCDGIRSTW]*\)[	 ][	 ]*\([_A-Za-z][_A-Za-z0-9]*\)$/\1 \2 \2/p' \> conftest.nm
configure:4557: $? = 0
configure:4611: gcc -o conftest  -fno-strict-aliasing -fasynchronous-unwind-tables -fno-omit-frame-pointer -fno-optimize-sibling-calls   -rdynamic conftest.c conftstm.o >&5
configure:4614: $? = 0
configure:4652: result: ok
configure:4748: gcc -c  -fno-strict-aliasing -fasynchronous-unwind-tables -fno-omit-frame-pointer -fno-optimize-sibling-calls  conftest.c >&5
configure:4751: $? = 0
configure:5457: checking how to run the C preprocessor
configure:5492: gcc -E  conftest.c
configure:5498: $? = 0
configure:5530: gcc -E  conftest.c
conftest.c:11:28: error: ac_nonexistent.h: No such file or directory
configure:5536: $? = 1
configure: failed program was:
| /* confdefs.h.  */
| 
| #define PACKAGE_NAME "fuse"
| #define PACKAGE_TARNAME "fuse"
| #define PACKAGE_VERSION "2.8.4"
| #define PACKAGE_STRING "fuse 2.8.4"
| #define PACKAGE_BUGREPORT ""
| #define PACKAGE "fuse"
| #define VERSION "2.8.4"
| /* end confdefs.h.  */
| #include <ac_nonexistent.h>
configure:5575: result: gcc -E
configure:5599: gcc -E  conftest.c
configure:5605: $? = 0
configure:5637: gcc -E  conftest.c
conftest.c:11:28: error: ac_nonexistent.h: No such file or directory
configure:5643: $? = 1
configure: failed program was:
| /* confdefs.h.  */
| 
| #define PACKAGE_NAME "fuse"
| #define PACKAGE_TARNAME "fuse"
| #define PACKAGE_VERSION "2.8.4"
| #define PACKAGE_STRING "fuse 2.8.4"
| #define PACKAGE_BUGREPORT ""
| #define PACKAGE "fuse"
| #define VERSION "2.8.4"
| /* end confdefs.h.  */
| #include <ac_nonexistent.h>
configure:5687: checking for ANSI C header files
configure:5712: gcc -c  -fno-strict-aliasing -fasynchronous-unwind-tables -fno-omit-frame-pointer -fno-optimize-sibling-calls  conftest.c >&5
configure:5718: $? = 0
configure:5722: test -z 
			 || test ! -s conftest.err
configure:5725: $? = 0
configure:5728: test -s conftest.o
configure:5731: $? = 0
configure:5820: gcc -o conftest  -fno-strict-aliasing -fasynchronous-unwind-tables -fno-omit-frame-pointer -fno-optimize-sibling-calls   -rdynamic conftest.c  >&5
conftest.c: In function 'main':
conftest.c:28: warning: incompatible implicit declaration of built-in function 'exit'
configure:5823: $? = 0
configure:5825: ./conftest
configure:5828: $? = 0
configure:5843: result: yes
configure:5867: checking for sys/types.h
configure:5883: gcc -c  -fno-strict-aliasing -fasynchronous-unwind-tables -fno-omit-frame-pointer -fno-optimize-sibling-calls  conftest.c >&5
configure:5889: $? = 0
configure:5893: test -z 
			 || test ! -s conftest.err
configure:5896: $? = 0
configure:5899: test -s conftest.o
configure:5902: $? = 0
configure:5913: result: yes
configure:5867: checking for sys/stat.h
configure:5883: gcc -c  -fno-strict-aliasing -fasynchronous-unwind-tables -fno-omit-frame-pointer -fno-optimize-sibling-calls  conftest.c >&5
configure:5889: $? = 0
configure:5893: test -z 
			 || test ! -s conftest.err
configure:5896: $? = 0
configure:5899: test -s conftest.o
configure:5902: $? = 0
configure:5913: result: yes
configure:5867: checking for stdlib.h
configure:5883: gcc -c  -fno-strict-aliasing -fasynchronous-unwind-tables -fno-omit-frame-pointer -fno-optimize-sibling-calls  conftest.c >&5
configure:5889: $? = 0
configure:5893: test -z 
			 || test ! -s conftest.err
configure:5896: $? = 0
configure:5899: test -s conftest.o
configure:5902: $? = 0
configure:5913: result: yes
configure:5867: checking for string.h
configure:5883: gcc -c  -fno-strict-aliasing -fasynchronous-unwind-tables -fno-omit-frame-pointer -fno-optimize-sibling-calls  conftest.c >&5
configure:5889: $? = 0
configure:5893: test -z 
			 || test ! -s conftest.err
configure:5896: $? = 0
configure:5899: test -s conftest.o
configure:5902: $? = 0
configure:5913: result: yes
configure:5867: checking for memory.h
configure:5883: gcc -c  -fno-strict-aliasing -fasynchronous-unwind-tables -fno-omit-frame-pointer -fno-optimize-sibling-calls  conftest.c >&5
configure:5889: $? = 0
configure:5893: test -z 
			 || test ! -s conftest.err
configure:5896: $? = 0
configure:5899: test -s conftest.o
configure:5902: $? = 0
configure:5913: result: yes
configure:5867: checking for strings.h
configure:5883: gcc -c  -fno-strict-aliasing -fasynchronous-unwind-tables -fno-omit-frame-pointer -fno-optimize-sibling-calls  conftest.c >&5
configure:5889: $? = 0
configure:5893: test -z 
			 || test ! -s conftest.err
configure:5896: $? = 0
configure:5899: test -s conftest.o
configure:5902: $? = 0
configure:5913: result: yes
configure:5867: checking for inttypes.h
configure:5883: gcc -c  -fno-strict-aliasing -fasynchronous-unwind-tables -fno-omit-frame-pointer -fno-optimize-sibling-calls  conftest.c >&5
configure:5889: $? = 0
configure:5893: test -z 
			 || test ! -s conftest.err
configure:5896: $? = 0
configure:5899: test -s conftest.o
configure:5902: $? = 0
configure:5913: result: yes
configure:5867: checking for stdint.h
configure:5883: gcc -c  -fno-strict-aliasing -fasynchronous-unwind-tables -fno-omit-frame-pointer -fno-optimize-sibling-calls  conftest.c >&5
configure:5889: $? = 0
configure:5893: test -z 
			 || test ! -s conftest.err
configure:5896: $? = 0
configure:5899: test -s conftest.o
configure:5902: $? = 0
configure:5913: result: yes
configure:5867: checking for unistd.h
configure:5883: gcc -c  -fno-strict-aliasing -fasynchronous-unwind-tables -fno-omit-frame-pointer -fno-optimize-sibling-calls  conftest.c >&5
configure:5889: $? = 0
configure:5893: test -z 
			 || test ! -s conftest.err
configure:5896: $? = 0
configure:5899: test -s conftest.o
configure:5902: $? = 0
configure:5913: result: yes
configure:5929: checking for dlfcn.h
configure:5945: gcc -c  -fno-strict-aliasing -fasynchronous-unwind-tables -fno-omit-frame-pointer -fno-optimize-sibling-calls  conftest.c >&5
configure:5951: $? = 0
configure:5955: test -z 
			 || test ! -s conftest.err
configure:5958: $? = 0
configure:5961: test -s conftest.o
configure:5964: $? = 0
configure:5975: result: yes
configure:6159: checking for objdir
configure:6174: result: .libs
configure:6470: checking if gcc supports -fno-rtti -fno-exceptions
configure:6488: gcc -c  -fno-strict-aliasing -fasynchronous-unwind-tables -fno-omit-frame-pointer -fno-optimize-sibling-calls  -fno-rtti -fno-exceptions conftest.c >&5
cc1: warning: command line option "-fno-rtti" is valid for C++/ObjC++ but not for C
configure:6492: $? = 0
configure:6505: result: no
configure:6525: checking for gcc option to produce PIC
configure:6797: result: -fPIC -DPIC
configure:6809: checking if gcc PIC flag -fPIC -DPIC works
configure:6827: gcc -c  -fno-strict-aliasing -fasynchronous-unwind-tables -fno-omit-frame-pointer -fno-optimize-sibling-calls  -fPIC -DPIC -DPIC conftest.c >&5
configure:6831: $? = 0
configure:6844: result: yes
configure:6868: checking if gcc static flag -static works
configure:6896: result: yes
configure:6911: checking if gcc supports -c -o file.o
configure:6932: gcc -c  -fno-strict-aliasing -fasynchronous-unwind-tables -fno-omit-frame-pointer -fno-optimize-sibling-calls  -o out/conftest2.o conftest.c >&5
configure:6936: $? = 0
configure:6958: result: yes
configure:6966: checking if gcc supports -c -o file.o
configure:7013: result: yes
configure:7046: checking whether the gcc linker (/usr/bin/ld -m elf_x86_64) supports shared libraries
configure:8114: result: yes
configure:8151: checking whether -lc should be explicitly linked in
configure:8156: gcc -c  -fno-strict-aliasing -fasynchronous-unwind-tables -fno-omit-frame-pointer -fno-optimize-sibling-calls  conftest.c >&5
configure:8159: $? = 0
configure:8174: gcc -shared conftest.o  -v -Wl,-soname -Wl,conftest -o conftest 2\>\&1 \| grep  -lc  \>/dev/null 2\>\&1
configure:8177: $? = 0
configure:8189: result: no
configure:8353: checking dynamic linker characteristics
configure:8791: gcc -o conftest  -fno-strict-aliasing -fasynchronous-unwind-tables -fno-omit-frame-pointer -fno-optimize-sibling-calls   -rdynamic -Wl,-rpath -Wl,/foo conftest.c  >&5
configure:8797: $? = 0
configure:8801: test -z 
			 || test ! -s conftest.err
configure:8804: $? = 0
configure:8807: test -s conftest
configure:8810: $? = 0
configure:9034: result: GNU/Linux ld.so
configure:9136: checking how to hardcode library paths into programs
configure:9161: result: immediate
configure:9999: checking whether stripping libraries is possible
configure:10004: result: yes
configure:10039: checking if libtool supports shared libraries
configure:10041: result: yes
configure:10044: checking whether to build shared libraries
configure:10065: result: yes
configure:10068: checking whether to build static libraries
configure:10072: result: yes
configure:10153: checking for gcc
configure:10179: result: gcc
configure:10423: checking for C compiler version
configure:10426: gcc --version </dev/null >&5
gcc (GCC) 4.1.2 20080704 (Red Hat 4.1.2-46)
Copyright (C) 2006 Free Software Foundation, Inc.
This is free software; see the source for copying conditions.  There is NO
warranty; not even for MERCHANTABILITY or FITNESS FOR A PARTICULAR PURPOSE.

configure:10429: $? = 0
configure:10431: gcc -v </dev/null >&5
Using built-in specs.
Target: x86_64-redhat-linux
Configured with: ../configure --prefix=/usr --mandir=/usr/share/man --infodir=/usr/share/info --enable-shared --enable-threads=posix --enable-checking=release --with-system-zlib --enable-__cxa_atexit --disable-libunwind-exceptions --enable-libgcj-multifile --enable-languages=c,c++,objc,obj-c++,java,fortran,ada --enable-java-awt=gtk --disable-dssi --enable-plugin --with-java-home=/usr/lib/jvm/java-1.4.2-gcj-1.4.2.0/jre --with-cpu=generic --host=x86_64-redhat-linux
Thread model: posix
gcc version 4.1.2 20080704 (Red Hat 4.1.2-46)
configure:10434: $? = 0
configure:10436: gcc -V </dev/null >&5
gcc: '-V' option must have argument
configure:10439: $? = 1
configure:10442: checking whether we are using the GNU C compiler
configure:10498: result: yes
configure:10504: checking whether gcc accepts -g
configure:10555: result: yes
configure:10572: checking for gcc option to accept ANSI C
configure:10679: result: none needed
configure:10697: gcc -c  -fno-strict-aliasing -fasynchronous-unwind-tables -fno-omit-frame-pointer -fno-optimize-sibling-calls  conftest.c >&5
conftest.c:2: error: expected '=', ',', ';', 'asm' or '__attribute__' before 'me'
configure:10703: $? = 1
configure: failed program was:
| #ifndef __cplusplus
|   choke me
| #endif
configure:10838: checking dependency style of gcc
configure:10928: result: gcc3
configure:10946: checking whether gcc and cc understand -c and -o together
configure:10976: gcc -c conftest.c -o conftest.o >&5
configure:10979: $? = 0
configure:10981: gcc -c conftest.c -o conftest.o >&5
configure:10984: $? = 0
configure:10991: cc -c conftest.c >&5
configure:10994: $? = 0
configure:10997: cc -c conftest.c -o conftest.o >&5
configure:11000: $? = 0
configure:11002: cc -c conftest.c -o conftest.o >&5
configure:11005: $? = 0
configure:11023: result: yes
configure:11120: checking for fork
configure:11177: gcc -o conftest  -fno-strict-aliasing -fasynchronous-unwind-tables -fno-omit-frame-pointer -fno-optimize-sibling-calls   -rdynamic conftest.c  >&5
conftest.c:47: warning: conflicting types for built-in function 'fork'
configure:11183: $? = 0
configure:11187: test -z 
			 || test ! -s conftest.err
configure:11190: $? = 0
configure:11193: test -s conftest
configure:11196: $? = 0
configure:11208: result: yes
configure:11120: checking for setxattr
configure:11177: gcc -o conftest  -fno-strict-aliasing -fasynchronous-unwind-tables -fno-omit-frame-pointer -fno-optimize-sibling-calls   -rdynamic conftest.c  >&5
configure:11183: $? = 0
configure:11187: test -z 
			 || test ! -s conftest.err
configure:11190: $? = 0
configure:11193: test -s conftest
configure:11196: $? = 0
configure:11208: result: yes
configure:11120: checking for fdatasync
configure:11177: gcc -o conftest  -fno-strict-aliasing -fasynchronous-unwind-tables -fno-omit-frame-pointer -fno-optimize-sibling-calls   -rdynamic conftest.c  >&5
configure:11183: $? = 0
configure:11187: test -z 
			 || test ! -s conftest.err
configure:11190: $? = 0
configure:11193: test -s conftest
configure:11196: $? = 0
configure:11208: result: yes
configure:11218: checking for struct stat.st_atim
configure:11241: gcc -c  -fno-strict-aliasing -fasynchronous-unwind-tables -fno-omit-frame-pointer -fno-optimize-sibling-calls  conftest.c >&5
conftest.c: In function 'main':
conftest.c:64: error: used struct type value where scalar is required
configure:11247: $? = 1
configure: failed program was:
| /* confdefs.h.  */
| 
| #define PACKAGE_NAME "fuse"
| #define PACKAGE_TARNAME "fuse"
| #define PACKAGE_VERSION "2.8.4"
| #define PACKAGE_STRING "fuse 2.8.4"
| #define PACKAGE_BUGREPORT ""
| #define PACKAGE "fuse"
| #define VERSION "2.8.4"
| #define STDC_HEADERS 1
| #define HAVE_SYS_TYPES_H 1
| #define HAVE_SYS_STAT_H 1
| #define HAVE_STDLIB_H 1
| #define HAVE_STRING_H 1
| #define HAVE_MEMORY_H 1
| #define HAVE_STRINGS_H 1
| #define HAVE_INTTYPES_H 1
| #define HAVE_STDINT_H 1
| #define HAVE_UNISTD_H 1
| #define HAVE_DLFCN_H 1
| #define LT_OBJDIR ".libs/"
| #define HAVE_FORK 1
| #define HAVE_SETXATTR 1
| #define HAVE_FDATASYNC 1
| /* end confdefs.h.  */
| #include <stdio.h>
| #if HAVE_SYS_TYPES_H
| # include <sys/types.h>
| #endif
| #if HAVE_SYS_STAT_H
| # include <sys/stat.h>
| #endif
| #if STDC_HEADERS
| # include <stdlib.h>
| # include <stddef.h>
| #else
| # if HAVE_STDLIB_H
| #  include <stdlib.h>
| # endif
| #endif
| #if HAVE_STRING_H
| # if !STDC_HEADERS && HAVE_MEMORY_H
| #  include <memory.h>
| # endif
| # include <string.h>
| #endif
| #if HAVE_STRINGS_H
| # include <strings.h>
| #endif
| #if HAVE_INTTYPES_H
| # include <inttypes.h>
| #else
| # if HAVE_STDINT_H
| #  include <stdint.h>
| # endif
| #endif
| #if HAVE_UNISTD_H
| # include <unistd.h>
| #endif
| int
| main ()
| {
| static struct stat ac_aggr;
| if (ac_aggr.st_atim)
| return 0;
|   ;
|   return 0;
| }
configure:11285: gcc -c  -fno-strict-aliasing -fasynchronous-unwind-tables -fno-omit-frame-pointer -fno-optimize-sibling-calls  conftest.c >&5
configure:11291: $? = 0
configure:11295: test -z 
			 || test ! -s conftest.err
configure:11298: $? = 0
configure:11301: test -s conftest.o
configure:11304: $? = 0
configure:11317: result: yes
configure:11328: checking for struct stat.st_atimespec
configure:11351: gcc -c  -fno-strict-aliasing -fasynchronous-unwind-tables -fno-omit-frame-pointer -fno-optimize-sibling-calls  conftest.c >&5
conftest.c: In function 'main':
conftest.c:65: error: 'struct stat' has no member named 'st_atimespec'
configure:11357: $? = 1
configure: failed program was:
| /* confdefs.h.  */
| 
| #define PACKAGE_NAME "fuse"
| #define PACKAGE_TARNAME "fuse"
| #define PACKAGE_VERSION "2.8.4"
| #define PACKAGE_STRING "fuse 2.8.4"
| #define PACKAGE_BUGREPORT ""
| #define PACKAGE "fuse"
| #define VERSION "2.8.4"
| #define STDC_HEADERS 1
| #define HAVE_SYS_TYPES_H 1
| #define HAVE_SYS_STAT_H 1
| #define HAVE_STDLIB_H 1
| #define HAVE_STRING_H 1
| #define HAVE_MEMORY_H 1
| #define HAVE_STRINGS_H 1
| #define HAVE_INTTYPES_H 1
| #define HAVE_STDINT_H 1
| #define HAVE_UNISTD_H 1
| #define HAVE_DLFCN_H 1
| #define LT_OBJDIR ".libs/"
| #define HAVE_FORK 1
| #define HAVE_SETXATTR 1
| #define HAVE_FDATASYNC 1
| #define HAVE_STRUCT_STAT_ST_ATIM 1
| /* end confdefs.h.  */
| #include <stdio.h>
| #if HAVE_SYS_TYPES_H
| # include <sys/types.h>
| #endif
| #if HAVE_SYS_STAT_H
| # include <sys/stat.h>
| #endif
| #if STDC_HEADERS
| # include <stdlib.h>
| # include <stddef.h>
| #else
| # if HAVE_STDLIB_H
| #  include <stdlib.h>
| # endif
| #endif
| #if HAVE_STRING_H
| # if !STDC_HEADERS && HAVE_MEMORY_H
| #  include <memory.h>
| # endif
| # include <string.h>
| #endif
| #if HAVE_STRINGS_H
| # include <strings.h>
| #endif
| #if HAVE_INTTYPES_H
| # include <inttypes.h>
| #else
| # if HAVE_STDINT_H
| #  include <stdint.h>
| # endif
| #endif
| #if HAVE_UNISTD_H
| # include <unistd.h>
| #endif
| int
| main ()
| {
| static struct stat ac_aggr;
| if (ac_aggr.st_atimespec)
| return 0;
|   ;
|   return 0;
| }
configure:11395: gcc -c  -fno-strict-aliasing -fasynchronous-unwind-tables -fno-omit-frame-pointer -fno-optimize-sibling-calls  conftest.c >&5
conftest.c: In function 'main':
conftest.c:65: error: 'struct stat' has no member named 'st_atimespec'
configure:11401: $? = 1
configure: failed program was:
| /* confdefs.h.  */
| 
| #define PACKAGE_NAME "fuse"
| #define PACKAGE_TARNAME "fuse"
| #define PACKAGE_VERSION "2.8.4"
| #define PACKAGE_STRING "fuse 2.8.4"
| #define PACKAGE_BUGREPORT ""
| #define PACKAGE "fuse"
| #define VERSION "2.8.4"
| #define STDC_HEADERS 1
| #define HAVE_SYS_TYPES_H 1
| #define HAVE_SYS_STAT_H 1
| #define HAVE_STDLIB_H 1
| #define HAVE_STRING_H 1
| #define HAVE_MEMORY_H 1
| #define HAVE_STRINGS_H 1
| #define HAVE_INTTYPES_H 1
| #define HAVE_STDINT_H 1
| #define HAVE_UNISTD_H 1
| #define HAVE_DLFCN_H 1
| #define LT_OBJDIR ".libs/"
| #define HAVE_FORK 1
| #define HAVE_SETXATTR 1
| #define HAVE_FDATASYNC 1
| #define HAVE_STRUCT_STAT_ST_ATIM 1
| /* end confdefs.h.  */
| #include <stdio.h>
| #if HAVE_SYS_TYPES_H
| # include <sys/types.h>
| #endif
| #if HAVE_SYS_STAT_H
| # include <sys/stat.h>
| #endif
| #if STDC_HEADERS
| # include <stdlib.h>
| # include <stddef.h>
| #else
| # if HAVE_STDLIB_H
| #  include <stdlib.h>
| # endif
| #endif
| #if HAVE_STRING_H
| # if !STDC_HEADERS && HAVE_MEMORY_H
| #  include <memory.h>
| # endif
| # include <string.h>
| #endif
| #if HAVE_STRINGS_H
| # include <strings.h>
| #endif
| #if HAVE_INTTYPES_H
| # include <inttypes.h>
| #else
| # if HAVE_STDINT_H
| #  include <stdint.h>
| # endif
| #endif
| #if HAVE_UNISTD_H
| # include <unistd.h>
| #endif
| int
| main ()
| {
| static struct stat ac_aggr;
| if (sizeof ac_aggr.st_atimespec)
| return 0;
|   ;
|   return 0;
| }
configure:11427: result: no
configure:11441: checking for library containing dlopen
configure:11471: gcc -o conftest  -fno-strict-aliasing -fasynchronous-unwind-tables -fno-omit-frame-pointer -fno-optimize-sibling-calls   -rdynamic conftest.c  >&5
/tmp/cccnwJnm.o: In function `main':
conftest.c:(.text+0xa): undefined reference to `dlopen'
collect2: ld returned 1 exit status
configure:11477: $? = 1
configure: failed program was:
| /* confdefs.h.  */
| 
| #define PACKAGE_NAME "fuse"
| #define PACKAGE_TARNAME "fuse"
| #define PACKAGE_VERSION "2.8.4"
| #define PACKAGE_STRING "fuse 2.8.4"
| #define PACKAGE_BUGREPORT ""
| #define PACKAGE "fuse"
| #define VERSION "2.8.4"
| #define STDC_HEADERS 1
| #define HAVE_SYS_TYPES_H 1
| #define HAVE_SYS_STAT_H 1
| #define HAVE_STDLIB_H 1
| #define HAVE_STRING_H 1
| #define HAVE_MEMORY_H 1
| #define HAVE_STRINGS_H 1
| #define HAVE_INTTYPES_H 1
| #define HAVE_STDINT_H 1
| #define HAVE_UNISTD_H 1
| #define HAVE_DLFCN_H 1
| #define LT_OBJDIR ".libs/"
| #define HAVE_FORK 1
| #define HAVE_SETXATTR 1
| #define HAVE_FDATASYNC 1
| #define HAVE_STRUCT_STAT_ST_ATIM 1
| /* end confdefs.h.  */
| 
| /* Override any gcc2 internal prototype to avoid an error.  */
| #ifdef __cplusplus
| extern "C"
| #endif
| /* We use char because int might match the return type of a gcc2
|    builtin and then its argument prototype would still apply.  */
| char dlopen ();
| int
| main ()
| {
| dlopen ();
|   ;
|   return 0;
| }
configure:11526: gcc -o conftest  -fno-strict-aliasing -fasynchronous-unwind-tables -fno-omit-frame-pointer -fno-optimize-sibling-calls   -rdynamic conftest.c -ldl   >&5
configure:11532: $? = 0
configure:11536: test -z 
			 || test ! -s conftest.err
configure:11539: $? = 0
configure:11542: test -s conftest
configure:11545: $? = 0
configure:11560: result: -ldl
configure:11567: checking for library containing clock_gettime
configure:11597: gcc -o conftest  -fno-strict-aliasing -fasynchronous-unwind-tables -fno-omit-frame-pointer -fno-optimize-sibling-calls   -rdynamic conftest.c -ldl  >&5
/tmp/ccocdiBe.o: In function `main':
conftest.c:(.text+0xa): undefined reference to `clock_gettime'
collect2: ld returned 1 exit status
configure:11603: $? = 1
configure: failed program was:
| /* confdefs.h.  */
| 
| #define PACKAGE_NAME "fuse"
| #define PACKAGE_TARNAME "fuse"
| #define PACKAGE_VERSION "2.8.4"
| #define PACKAGE_STRING "fuse 2.8.4"
| #define PACKAGE_BUGREPORT ""
| #define PACKAGE "fuse"
| #define VERSION "2.8.4"
| #define STDC_HEADERS 1
| #define HAVE_SYS_TYPES_H 1
| #define HAVE_SYS_STAT_H 1
| #define HAVE_STDLIB_H 1
| #define HAVE_STRING_H 1
| #define HAVE_MEMORY_H 1
| #define HAVE_STRINGS_H 1
| #define HAVE_INTTYPES_H 1
| #define HAVE_STDINT_H 1
| #define HAVE_UNISTD_H 1
| #define HAVE_DLFCN_H 1
| #define LT_OBJDIR ".libs/"
| #define HAVE_FORK 1
| #define HAVE_SETXATTR 1
| #define HAVE_FDATASYNC 1
| #define HAVE_STRUCT_STAT_ST_ATIM 1
| /* end confdefs.h.  */
| 
| /* Override any gcc2 internal prototype to avoid an error.  */
| #ifdef __cplusplus
| extern "C"
| #endif
| /* We use char because int might match the return type of a gcc2
|    builtin and then its argument prototype would still apply.  */
| char clock_gettime ();
| int
| main ()
| {
| clock_gettime ();
|   ;
|   return 0;
| }
configure:11652: gcc -o conftest  -fno-strict-aliasing -fasynchronous-unwind-tables -fno-omit-frame-pointer -fno-optimize-sibling-calls   -rdynamic conftest.c -lrt  -ldl  >&5
configure:11658: $? = 0
configure:11662: test -z 
			 || test ! -s conftest.err
configure:11665: $? = 0
configure:11668: test -s conftest
configure:11671: $? = 0
configure:11686: result: -lrt
configure:11746: checking for ld used by GCC
configure:11810: result: /usr/bin/ld -m elf_x86_64
configure:11819: checking if the linker (/usr/bin/ld -m elf_x86_64) is GNU ld
configure:11832: result: yes
configure:11839: checking for shared library run path origin
configure:11852: result: done
configure:12434: checking for iconv
configure:12461: gcc -o conftest  -fno-strict-aliasing -fasynchronous-unwind-tables -fno-omit-frame-pointer -fno-optimize-sibling-calls   -rdynamic conftest.c  >&5
configure:12467: $? = 0
configure:12471: test -z 
			 || test ! -s conftest.err
configure:12474: $? = 0
configure:12477: test -s conftest
configure:12480: $? = 0
configure:12546: result: yes
configure:12549: checking for working iconv
configure:12649: gcc -o conftest  -fno-strict-aliasing -fasynchronous-unwind-tables -fno-omit-frame-pointer -fno-optimize-sibling-calls   -rdynamic conftest.c  >&5
configure:12652: $? = 0
configure:12654: ./conftest
configure:12657: $? = 0
configure:12673: result: yes
configure:12703: checking for iconv declaration
configure:12737: gcc -c  -fno-strict-aliasing -fasynchronous-unwind-tables -fno-omit-frame-pointer -fno-optimize-sibling-calls  conftest.c >&5
configure:12743: $? = 0
configure:12747: test -z 
			 || test ! -s conftest.err
configure:12750: $? = 0
configure:12753: test -s conftest.o
configure:12756: $? = 0
configure:12771: result:
         extern size_t iconv (iconv_t cd, char * *inbuf, size_t *inbytesleft, char * *outbuf, size_t *outbytesleft);
configure:12969: creating ./config.status

## ---------------------- ##
## Running config.status. ##
## ---------------------- ##

This file was extended by fuse config.status 2.8.4, which was
generated by GNU Autoconf 2.59.  Invocation command line was

  CONFIG_FILES    = 
  CONFIG_HEADERS  = 
  CONFIG_LINKS    = 
  CONFIG_COMMANDS = 
  $ ./config.status 

on localhost.localdomain

config.status:931: creating fuse.pc
config.status:931: creating Makefile
config.status:931: creating lib/Makefile
config.status:931: creating util/Makefile
config.status:931: creating example/Makefile
config.status:931: creating include/Makefile
config.status:1035: creating include/config.h
config.status:1337: executing depfiles commands
config.status:1337: executing libtool commands

## ---------------- ##
## Cache variables. ##
## ---------------- ##

ac_cv_build=x86_64-unknown-linux-gnu
ac_cv_build_alias=x86_64-unknown-linux-gnu
ac_cv_c_compiler_gnu=yes
ac_cv_env_CC_set=
ac_cv_env_CC_value=
ac_cv_env_CFLAGS_set=set
ac_cv_env_CFLAGS_value=' -fno-strict-aliasing -fasynchronous-unwind-tables -fno-omit-frame-pointer -fno-optimize-sibling-calls'
ac_cv_env_CPPFLAGS_set=
ac_cv_env_CPPFLAGS_value=
ac_cv_env_CPP_set=
ac_cv_env_CPP_value=
ac_cv_env_LDFLAGS_set=set
ac_cv_env_LDFLAGS_value=' -rdynamic'
ac_cv_env_build_alias_set=
ac_cv_env_build_alias_value=
ac_cv_env_host_alias_set=
ac_cv_env_host_alias_value=
ac_cv_env_target_alias_set=
ac_cv_env_target_alias_value=
ac_cv_exeext=
ac_cv_func_fdatasync=yes
ac_cv_func_fork=yes
ac_cv_func_setxattr=yes
ac_cv_header_dlfcn_h=yes
ac_cv_header_inttypes_h=yes
ac_cv_header_memory_h=yes
ac_cv_header_stdc=yes
ac_cv_header_stdint_h=yes
ac_cv_header_stdlib_h=yes
ac_cv_header_string_h=yes
ac_cv_header_strings_h=yes
ac_cv_header_sys_stat_h=yes
ac_cv_header_sys_types_h=yes
ac_cv_header_unistd_h=yes
ac_cv_host=x86_64-unknown-linux-gnu
ac_cv_host_alias=x86_64-unknown-linux-gnu
ac_cv_member_struct_stat_st_atim=yes
ac_cv_member_struct_stat_st_atimespec=no
ac_cv_objext=o
ac_cv_path_install='/usr/bin/install -c'
ac_cv_prog_AWK=gawk
ac_cv_prog_CPP='gcc -E'
ac_cv_prog_ac_ct_AR=ar
ac_cv_prog_ac_ct_CC=gcc
ac_cv_prog_ac_ct_OBJDUMP=objdump
ac_cv_prog_ac_ct_RANLIB=ranlib
ac_cv_prog_ac_ct_STRIP=strip
ac_cv_prog_cc_g=yes
ac_cv_prog_cc_gcc_c_o=yes
ac_cv_prog_cc_stdc=
ac_cv_prog_egrep='grep -E'
ac_cv_prog_fgrep='grep -F'
ac_cv_prog_make_make_set=yes
ac_cv_search_clock_gettime=-lrt
ac_cv_search_dlopen=-ldl
ac_cv_target=x86_64-unknown-linux-gnu
ac_cv_target_alias=x86_64-unknown-linux-gnu
acl_cv_hardcode_direct=no
acl_cv_hardcode_libdir_flag_spec='${wl}-rpath ${wl}$libdir'
acl_cv_hardcode_libdir_separator=
acl_cv_hardcode_minus_L=no
acl_cv_libext=a
acl_cv_libname_spec='lib$name'
acl_cv_library_names_spec='$libname$shrext'
acl_cv_path_LD='/usr/bin/ld -m elf_x86_64'
acl_cv_prog_gnu_ld=yes
acl_cv_rpath=done
acl_cv_shlibext=so
acl_cv_wl=-Wl,
am_cv_CC_dependencies_compiler_type=gcc3
am_cv_func_iconv=yes
am_cv_func_iconv_works=yes
am_cv_lib_iconv=no
am_cv_proto_iconv='extern size_t iconv (iconv_t cd, char * *inbuf, size_t *inbytesleft, char * *outbuf, size_t *outbytesleft);'
am_cv_proto_iconv_arg1=
lt_cv_deplibs_check_method=pass_all
lt_cv_file_magic_cmd='$MAGIC_CMD'
lt_cv_file_magic_test_file=
lt_cv_ld_reload_flag=-r
lt_cv_nm_interface='BSD nm'
lt_cv_objdir=.libs
lt_cv_path_LD=/usr/bin/ld
lt_cv_path_NM='/usr/bin/nm -B'
lt_cv_path_SED=/bin/sed
lt_cv_prog_compiler_c_o=yes
lt_cv_prog_compiler_pic_works=yes
lt_cv_prog_compiler_rtti_exceptions=no
lt_cv_prog_compiler_static_works=yes
lt_cv_prog_gnu_ld=yes
lt_cv_sys_global_symbol_pipe='sed -n -e '\''s/^.*[	 ]\([ABCDGIRSTW][ABCDGIRSTW]*\)[	 ][	 ]*\([_A-Za-z][_A-Za-z0-9]*\)$/\1 \2 \2/p'\'''
lt_cv_sys_global_symbol_to_c_name_address='sed -n -e '\''s/^: \([^ ]*\) $/  {\"\1\", (void *) 0},/p'\'' -e '\''s/^[ABCDGIRSTW]* \([^ ]*\) \([^ ]*\)$/  {"\2", (void *) \&\2},/p'\'''
lt_cv_sys_global_symbol_to_c_name_address_lib_prefix='sed -n -e '\''s/^: \([^ ]*\) $/  {\"\1\", (void *) 0},/p'\'' -e '\''s/^[ABCDGIRSTW]* \([^ ]*\) \(lib[^ ]*\)$/  {"\2", (void *) \&\2},/p'\'' -e '\''s/^[ABCDGIRSTW]* \([^ ]*\) \([^ ]*\)$/  {"lib\2", (void *) \&\2},/p'\'''
lt_cv_sys_global_symbol_to_cdecl='sed -n -e '\''s/^T .* \(.*\)$/extern int \1();/p'\'' -e '\''s/^[ABCDGIRSTW]* .* \(.*\)$/extern char \1;/p'\'''
lt_cv_sys_max_cmd_len=98304

## ----------------- ##
## Output variables. ##
## ----------------- ##

ACLOCAL='${SHELL} /tmp/dist/libfuse/src/missing --run aclocal-1.9'
AMDEPBACKSLASH='\'
AMDEP_FALSE='#'
AMDEP_TRUE=''
AMTAR='${SHELL} /tmp/dist/libfuse/src/missing --run tar'
AR='ar'
AUTOCONF='${SHELL} /tmp/dist/libfuse/src/missing --run autoconf'
AUTOHEADER='${SHELL} /tmp/dist/libfuse/src/missing --run autoheader'
AUTOMAKE='${SHELL} /tmp/dist/libfuse/src/missing --run automake-1.9'
AWK='gawk'
BSD_FALSE=''
BSD_TRUE='#'
CC='gcc'
CCDEPMODE='depmode=gcc3'
CFLAGS=' -fno-strict-aliasing -fasynchronous-unwind-tables -fno-omit-frame-pointer -fno-optimize-sibling-calls'
CPP='gcc -E'
CPPFLAGS=''
CYGPATH_W='echo'
DEFS='-DHAVE_CONFIG_H'
DEPDIR='.deps'
DSYMUTIL=''
DUMPBIN=''
ECHO_C=''
ECHO_N='-n'
ECHO_T=''
EGREP='grep -E'
EXEEXT=''
FGREP='grep -F'
GREP='grep'
ICONV_FALSE='#'
ICONV_TRUE=''
INIT_D_PATH='/etc/init.d'
INSTALL_DATA='${INSTALL} -m 644'
INSTALL_PROGRAM='${INSTALL}'
INSTALL_SCRIPT='${INSTALL}'
INSTALL_STRIP_PROGRAM='${SHELL} $(install_sh) -c -s'
LD='/usr/bin/ld -m elf_x86_64'
LDFLAGS=' -rdynamic'
LIBICONV=''
LIBOBJS=''
LIBS=''
LIBTOOL='$(SHELL) $(top_builddir)/libtool'
LINUX_FALSE='#'
LINUX_TRUE=''
LIPO=''
LN_S='ln -s'
LTLIBICONV=''
LTLIBOBJS=''
MAKEINFO='${SHELL} /tmp/dist/libfuse/src/missing --run makeinfo'
MOUNT_FUSE_PATH='/sbin'
NM='/usr/bin/nm -B'
NMEDIT=''
OBJDUMP='objdump'
OBJEXT='o'
OTOOL64=''
OTOOL=''
PACKAGE='fuse'
PACKAGE_BUGREPORT=''
PACKAGE_NAME='fuse'
PACKAGE_STRING='fuse 2.8.4'
PACKAGE_TARNAME='fuse'
PACKAGE_VERSION='2.8.4'
PATH_SEPARATOR=':'
RANLIB='ranlib'
SED='/bin/sed'
SET_MAKE=''
SHELL='/bin/sh'
STRIP='strip'
UDEV_RULES_PATH='/etc/udev/rules.d'
VERSION='2.8.4'
ac_ct_AR='ar'
ac_ct_CC='gcc'
ac_ct_DSYMUTIL=''
ac_ct_DUMPBIN=''
ac_ct_LIPO=''
ac_ct_NMEDIT=''
ac_ct_OBJDUMP='objdump'
ac_ct_OTOOL64=''
ac_ct_OTOOL=''
ac_ct_RANLIB='ranlib'
ac_ct_STRIP='strip'
am__fastdepCC_FALSE='#'
am__fastdepCC_TRUE=''
am__include='include'
am__leading_dot='.'
am__quote=''
am__tar='${AMTAR} chof - "$$tardir"'
am__untar='${AMTAR} xf -'
bindir='${exec_prefix}/bin'
build='x86_64-unknown-linux-gnu'
build_alias=''
build_cpu='x86_64'
build_os='linux-gnu'
build_vendor='unknown'
datadir='${prefix}/share'
exec_prefix='${prefix}'
host='x86_64-unknown-linux-gnu'
host_alias=''
host_cpu='x86_64'
host_os='linux-gnu'
host_vendor='unknown'
includedir='${prefix}/include'
infodir='${prefix}/info'
install_sh='/tmp/dist/libfuse/src/install-sh'
libdir='${exec_prefix}/lib'
libexecdir='${exec_prefix}/libexec'
libfuse_libs='-pthread -lrt -ldl  '
localstatedir='${prefix}/var'
lt_ECHO='echo'
mandir='${prefix}/man'
mkdir_p='mkdir -p --'
oldincludedir='/usr/include'
pkgconfigdir='${libdir}/pkgconfig'
prefix='/usr/local'
program_transform_name='s,x,x,'
sbindir='${exec_prefix}/sbin'
sharedstatedir='${prefix}/com'
subdirs2='include lib'
sysconfdir='${prefix}/etc'
target='x86_64-unknown-linux-gnu'
target_alias=''
target_cpu='x86_64'
target_os='linux-gnu'
target_vendor='unknown'

## ----------- ##
## confdefs.h. ##
## ----------- ##

#define HAVE_DLFCN_H 1
#define HAVE_FDATASYNC 1
#define HAVE_FORK 1
#define HAVE_ICONV 1
#define HAVE_INTTYPES_H 1
#define HAVE_MEMORY_H 1
#define HAVE_SETXATTR 1
#define HAVE_STDINT_H 1
#define HAVE_STDLIB_H 1
#define HAVE_STRINGS_H 1
#define HAVE_STRING_H 1
#define HAVE_STRUCT_STAT_ST_ATIM 1
#define HAVE_SYS_STAT_H 1
#define HAVE_SYS_TYPES_H 1
#define HAVE_UNISTD_H 1
#define ICONV_CONST 
#define LT_OBJDIR ".libs/"
#define PACKAGE "fuse"
#define PACKAGE_BUGREPORT ""
#define PACKAGE_NAME "fuse"
#define PACKAGE_STRING "fuse 2.8.4"
#define PACKAGE_TARNAME "fuse"
#define PACKAGE_VERSION "2.8.4"
#define STDC_HEADERS 1
#define VERSION "2.8.4"

configure: exit 0
